[04:20:04] [main/INFO] (FabricLoader/GameProvider) Loading Minecraft 26.2 with Fabric Loader 0.19.3
[04:20:04] [main/INFO] (FabricLoader/Mappings) Mappings not present!
[04:20:04] [main/INFO] (FabricLoader) Loading 51 mods:
	- architecture_blocks 1.0.0
	- fabric-api 0.154.0+26.2
	- fabric-api-base 2.0.4+ece063239e
	- fabric-api-lookup-api-v1 2.0.17+11e1c9a39e
	- fabric-biome-api-v1 18.0.6+c7bd5b8e9e
	- fabric-block-api-v1 3.0.3+ec56b6019e
	- fabric-block-getter-api-v2 2.0.7+ec56b6019e
	- fabric-client-gametest-api-v1 5.1.0+db5795489e
	- fabric-command-api-v2 3.1.0+00cb03469e
	- fabric-content-registries-v0 11.2.2+b7a678a99e
	- fabric-convention-tags-v2 4.7.0+1f023a9e9e
	- fabric-crash-report-info-v1 1.0.5+086d547a9e
	- fabric-creative-tab-api-v1 5.0.14+d871b99e9e
	- fabric-data-attachment-api-v1 2.2.17+aa0fd6fe9e
	- fabric-data-generation-api-v1 25.4.4+9e7dc27f9e
	- fabric-debug-api-v1 1.0.2+c792624d9e
	- fabric-dimensions-v1 5.1.9+9cbf5da59e
	- fabric-entity-events-v1 5.0.5+06488ac19e
	- fabric-events-interaction-v0 5.2.6+8f57f7ee9e
	- fabric-game-rule-api-v1 4.0.8+46a6d00c9e
	- fabric-gametest-api-v1 4.0.21+4a7fa0819e
	- fabric-item-api-v1 14.2.0+7aec7be39e
	- fabric-key-mapping-api-v1 2.0.5+e2bdee789e
	- fabric-lifecycle-events-v1 4.1.3+4575b05f9e
	- fabric-loot-api-v3 3.0.17+06488ac19e
	- fabric-menu-api-v1 2.0.16+086d547a9e
	- fabric-message-api-v1 7.0.7+086d547a9e
	- fabric-model-loading-api-v1 8.0.14+c80601bb9e
	- fabric-networking-api-v1 6.3.3+72073ef09e
	- fabric-object-builder-api-v1 24.1.0+6fcd5f039e
	- fabric-particles-v1 5.0.18+d1756aa99e
	- fabric-permission-api-v1 1.0.2+7c33558a9e
	- fabric-recipe-api-v1 9.0.20+11e1c9a39e
	- fabric-registry-sync-v0 7.1.0+c7bd5b8e9e
	- fabric-renderer-api-v1 14.1.1+2b0d8a229e
	- fabric-renderer-indigo 9.1.1+2b0d8a229e
	- fabric-rendering-fluids-v1 6.0.4+06488ac19e
	- fabric-rendering-v1 25.3.0+67c847259e
	- fabric-resource-conditions-api-v1 6.1.0+10e9a28b9e
	- fabric-resource-loader-v0 3.3.20+4fc5413f9e
	- fabric-resource-loader-v1 2.0.13+9edec1269e
	- fabric-screen-api-v1 5.1.0+48e3c0b09e
	- fabric-serialization-api-v1 2.0.4+11a26f319e
	- fabric-sound-api-v1 2.0.5+11a26f319e
	- fabric-tag-api-v1 2.1.3+794df31d9e
	- fabric-transfer-api-v1 8.0.11+39b5a3929e
	- fabric-transitive-access-wideners-v1 8.1.4+67c847259e
	- fabricloader 0.19.3
	- java 26
	- minecraft 26.2
	- mixinextras 0.5.4
[04:20:05] [main/INFO] (FabricLoader/Mixin) SpongePowered MIXIN Subsystem Version=0.8.7 Source=file:/Users/seanpaulbobadilla/.gradle/caches/modules-2/files-2.1/net.fabricmc/sponge-mixin/0.17.3+mixin.0.8.7/41c4a3984a80f4679e759fb9f495587acc5cdac7/sponge-mixin-0.17.3+mixin.0.8.7.jar Service=Knot/Fabric Env=CLIENT
[04:20:05] [main/INFO] (FabricLoader/Mixin) Compatibility level set to JAVA_25
[04:20:07] [main/WARN] (Minecraft) Failed to load Vulkan loader
java.lang.UnsatisfiedLinkError: Failed to locate library: libvulkan.1.dylib
	at knot//org.lwjgl.system.Library.loadNative(Library.java:349)
	at knot//org.lwjgl.system.Library.loadNative(Library.java:239)
	at knot//org.lwjgl.system.Library.loadNative(Library.java:220)
	at knot//org.lwjgl.vulkan.VK.create(VK.java:89)
	at knot//com.mojang.blaze3d.platform.NativeLibrariesBootstrap.tryLoadingVulkan(NativeLibrariesBootstrap.java:310)
	at knot//com.mojang.blaze3d.platform.NativeLibrariesBootstrap.loadLibraries(NativeLibrariesBootstrap.java:85)
	at knot//net.minecraft.client.main.Main.main(Main.java:142)
	at net.fabricmc.loader.impl.game.minecraft.MinecraftGameProvider.launch(MinecraftGameProvider.java:514)
	at net.fabricmc.loader.impl.launch.knot.Knot.launch(Knot.java:72)
	at net.fabricmc.loader.impl.launch.knot.KnotClient.main(KnotClient.java:23)
	at net.fabricmc.devlaunchinjector.Main.main(Main.java:86)
[04:20:07] [main/INFO] (FabricLoader/MixinExtras|Service) Initializing MixinExtras via com.llamalad7.mixinextras.service.MixinExtrasServiceImpl(version=0.5.4).
[04:20:09] [Datafixer Bootstrap #0/INFO] (Minecraft) 295 Datafixer optimizations took 767 milliseconds
[04:20:18] [Render thread/INFO] (Minecraft) Environment: Environment[sessionHost=https://sessionserver.mojang.com, servicesHost=https://api.minecraftservices.com, profilesHost=https://api.mojang.com, name=PROD]
[04:20:18] [Render thread/INFO] (Minecraft) Setting user: Player138
[04:20:18] [Download-2/ERROR] (Minecraft) Failed to fetch user properties
com.mojang.authlib.exceptions.InvalidCredentialsException: Status: 401
	at knot//com.mojang.authlib.exceptions.MinecraftClientHttpException.toAuthenticationException(MinecraftClientHttpException.java:70)
	at knot//com.mojang.authlib.yggdrasil.YggdrasilUserApiService.fetchProperties(YggdrasilUserApiService.java:173)
	at knot//net.minecraft.client.Minecraft.lambda$new$1(Minecraft.java:438)
	at java.base/java.util.concurrent.CompletableFuture$AsyncSupply.run(CompletableFuture.java:1789)
	at java.base/java.util.concurrent.ThreadPoolExecutor.runWorker(ThreadPoolExecutor.java:1090)
	at java.base/java.util.concurrent.ThreadPoolExecutor$Worker.run(ThreadPoolExecutor.java:614)
	at java.base/java.lang.Thread.run(Thread.java:1516)
Caused by: MinecraftClientHttpException[type=HTTP_ERROR, status=401, response=ErrorResponse[path=/player/attributes, error=null, errorMessage=null, details=null]]
	at knot//com.mojang.authlib.minecraft.client.MinecraftClient.buildHttpException(MinecraftClient.java:170)
	at knot//com.mojang.authlib.minecraft.client.MinecraftClient.readServiceResponse(MinecraftClient.java:147)
	at knot//com.mojang.authlib.minecraft.client.MinecraftClient.getWithEtag(MinecraftClient.java:81)
	at knot//com.mojang.authlib.minecraft.client.MinecraftClient.get(MinecraftClient.java:65)
	at knot//com.mojang.authlib.yggdrasil.YggdrasilUserApiService.fetchProperties(YggdrasilUserApiService.java:123)
	... 5 more
[04:20:19] [Render thread/INFO] (architecture_blocks) Registering Creative Mode Tabs for architecture_blocks
[04:20:19] [Render thread/INFO] (architecture_blocks) Hello Fabric world!
[04:20:19] [Render thread/INFO] (Indigo) [Indigo] Registering Indigo renderer!
[04:20:19] [Render thread/INFO] (Minecraft) Backend library: LWJGL version 3.4.1-snapshot
[04:20:20] [Render thread/INFO] (Minecraft) Using graphics backend OpenGL, using drivers: 4.1 INTEL-14.7.28
[04:20:20] [Render thread/INFO] (Minecraft) Using graphics device: Intel Iris Pro OpenGL Engine (Intel Inc.)
[04:20:20] [Render thread/INFO] (Minecraft) Using graphics device extensions: GL_ARB_draw_indirect, GL_EXT_texture_filter_anisotropic
[04:20:21] [Download-2/INFO] (Minecraft) Could not authorize you against Realms server: java.lang.RuntimeException: Failed to parse into SignedJWT: FabricMC
[04:20:21] [Download-2/ERROR] (Minecraft) Failed to fetch Realms feature flags
com.mojang.realmsclient.exception.RealmsServiceException: Realms authentication error with message 'java.lang.RuntimeException: Failed to parse into SignedJWT: FabricMC'
	at knot//com.mojang.realmsclient.client.RealmsClient.execute(RealmsClient.java:528)
	at knot//com.mojang.realmsclient.client.RealmsClient.fetchFeatureFlags(RealmsClient.java:187)
	at java.base/java.util.concurrent.CompletableFuture$AsyncSupply.run(CompletableFuture.java:1789)
	at java.base/java.util.concurrent.ThreadPoolExecutor.runWorker(ThreadPoolExecutor.java:1090)
	at java.base/java.util.concurrent.ThreadPoolExecutor$Worker.run(ThreadPoolExecutor.java:614)
	at java.base/java.lang.Thread.run(Thread.java:1516)
[04:20:21] [Render thread/INFO] (Minecraft) Reloading ResourceManager: vanilla, architecture_blocks, fabric-api, fabric-api-base, fabric-api-lookup-api-v1, fabric-biome-api-v1, fabric-block-api-v1, fabric-block-getter-api-v2, fabric-client-gametest-api-v1, fabric-command-api-v2, fabric-content-registries-v0, fabric-convention-tags-v2, fabric-crash-report-info-v1, fabric-creative-tab-api-v1, fabric-data-attachment-api-v1, fabric-data-generation-api-v1, fabric-debug-api-v1, fabric-dimensions-v1, fabric-entity-events-v1, fabric-events-interaction-v0, fabric-game-rule-api-v1, fabric-gametest-api-v1, fabric-item-api-v1, fabric-key-mapping-api-v1, fabric-lifecycle-events-v1, fabric-loot-api-v3, fabric-menu-api-v1, fabric-message-api-v1, fabric-model-loading-api-v1, fabric-networking-api-v1, fabric-object-builder-api-v1, fabric-particles-v1, fabric-permission-api-v1, fabric-recipe-api-v1, fabric-registry-sync-v0, fabric-renderer-api-v1, fabric-renderer-indigo, fabric-rendering-fluids-v1, fabric-rendering-v1, fabric-resource-conditions-api-v1, fabric-resource-loader-v0, fabric-resource-loader-v1, fabric-screen-api-v1, fabric-serialization-api-v1, fabric-sound-api-v1, fabric-tag-api-v1, fabric-transfer-api-v1, fabric-transitive-access-wideners-v1, fabricloader
[04:20:23] [Worker-Main-3/INFO] (Minecraft) Found unifont_all_no_pua-17.0.01.hex, loading
[04:20:23] [Worker-Main-2/INFO] (Minecraft) Found unifont_pua-17.0.01.hex, loading
[04:20:25] [Worker-Main-3/INFO] (Minecraft) Found unifont_jp_patch-17.0.01.hex, loading
[04:20:26] [Worker-Main-3/WARN] (Minecraft) Missing block model: architecture_blocks:item/five_arched_window_complete
[04:20:26] [Worker-Main-3/WARN] (Minecraft) Missing block model: minecraft:cube_all
[04:20:26] [Worker-Main-1/WARN] (Minecraft) Unresolved texture references in architecture_blocks:block/marble_pillar:
	#down-> #all
	#west-> #all
	#up-> #all
	#north-> #all
	#east-> #all
	#south-> #all

[04:20:27] [Worker-Main-1/WARN] (Minecraft) Missing model for variant: 'Block{architecture_blocks:triple_window_3_2}[facing=north]'
[04:20:27] [Worker-Main-1/WARN] (Minecraft) Missing model for variant: 'Block{architecture_blocks:triple_window_3_2}[facing=south]'
[04:20:27] [Worker-Main-1/WARN] (Minecraft) Missing model for variant: 'Block{architecture_blocks:triple_window_3_2}[facing=west]'
[04:20:27] [Worker-Main-1/WARN] (Minecraft) Missing model for variant: 'Block{architecture_blocks:triple_window_3_2}[facing=east]'
[04:20:27] [Worker-Main-1/WARN] (Minecraft) Missing model for variant: 'Block{architecture_blocks:triple_window_3_3}[facing=north]'
[04:20:27] [Worker-Main-1/WARN] (Minecraft) Missing model for variant: 'Block{architecture_blocks:triple_window_3_3}[facing=south]'
[04:20:27] [Worker-Main-1/WARN] (Minecraft) Missing model for variant: 'Block{architecture_blocks:triple_window_3_3}[facing=west]'
[04:20:27] [Worker-Main-1/WARN] (Minecraft) Missing model for variant: 'Block{architecture_blocks:triple_window_3_3}[facing=east]'
[04:20:27] [Worker-Main-1/WARN] (Minecraft) Missing model for variant: 'Block{architecture_blocks:triple_window_5_0}[facing=north]'
[04:20:27] [Worker-Main-1/WARN] (Minecraft) Missing model for variant: 'Block{architecture_blocks:triple_window_5_0}[facing=south]'
[04:20:27] [Worker-Main-1/WARN] (Minecraft) Missing model for variant: 'Block{architecture_blocks:triple_window_5_0}[facing=west]'
[04:20:27] [Worker-Main-1/WARN] (Minecraft) Missing model for variant: 'Block{architecture_blocks:triple_window_5_0}[facing=east]'
[04:20:27] [Worker-Main-1/WARN] (Minecraft) Missing model for variant: 'Block{architecture_blocks:triple_window_5_5}[facing=north]'
[04:20:27] [Worker-Main-1/WARN] (Minecraft) Missing model for variant: 'Block{architecture_blocks:triple_window_5_5}[facing=south]'
[04:20:27] [Worker-Main-1/WARN] (Minecraft) Missing model for variant: 'Block{architecture_blocks:triple_window_5_5}[facing=west]'
[04:20:27] [Worker-Main-1/WARN] (Minecraft) Missing model for variant: 'Block{architecture_blocks:triple_window_5_5}[facing=east]'
[04:20:27] [Worker-Main-1/WARN] (Minecraft) Missing model for variant: 'Block{architecture_blocks:double_arched_window_6_4}[facing=north]'
[04:20:27] [Worker-Main-1/WARN] (Minecraft) Missing model for variant: 'Block{architecture_blocks:double_arched_window_6_4}[facing=south]'
[04:20:27] [Worker-Main-1/WARN] (Minecraft) Missing model for variant: 'Block{architecture_blocks:double_arched_window_6_4}[facing=west]'
[04:20:27] [Worker-Main-1/WARN] (Minecraft) Missing model for variant: 'Block{architecture_blocks:double_arched_window_6_4}[facing=east]'
[04:20:27] [Render thread/INFO] (Minecraft) Info log when linking program containing VS minecraft:core/entity and FS minecraft:core/entity. Log output: WARNING: Could not find vertex shader attribute 'UV1' to match BindAttributeLocation request.

[04:20:27] [Render thread/INFO] (Minecraft) Info log when linking program containing VS minecraft:core/entity and FS minecraft:core/entity. Log output: WARNING: Could not find vertex shader attribute 'UV1' to match BindAttributeLocation request.

[04:20:27] [Render thread/INFO] (Minecraft) Info log when linking program containing VS minecraft:core/entity and FS minecraft:core/entity. Log output: WARNING: Could not find vertex shader attribute 'UV1' to match BindAttributeLocation request.

[04:20:27] [Render thread/INFO] (Minecraft) Info log when linking program containing VS minecraft:core/rendertype_crumbling and FS minecraft:core/rendertype_crumbling. Log output: WARNING: Could not find vertex shader attribute 'UV2' to match BindAttributeLocation request.

[04:20:28] [Render thread/INFO] (Minecraft) Info log when linking program containing VS minecraft:core/entity and FS minecraft:core/entity. Log output: WARNING: Could not find vertex shader attribute 'UV1' to match BindAttributeLocation request.

[04:20:28] [Render thread/INFO] (Minecraft) Info log when linking program containing VS minecraft:core/entity and FS minecraft:core/entity. Log output: WARNING: Could not find vertex shader attribute 'UV2' to match BindAttributeLocation request.

[04:20:28] [Render thread/INFO] (Minecraft) Info log when linking program containing VS minecraft:core/rendertype_beacon_beam and FS minecraft:core/rendertype_beacon_beam. Log output: WARNING: Could not find vertex shader attribute 'UV2' to match BindAttributeLocation request.

[04:20:28] [Render thread/INFO] (Minecraft) Info log when linking program containing VS minecraft:core/entity and FS minecraft:core/entity. Log output: WARNING: Could not find vertex shader attribute 'UV1' to match BindAttributeLocation request.
WARNING: Could not find vertex shader attribute 'Normal' to match BindAttributeLocation request.
WARNING: Could not find vertex shader attribute 'UV2' to match BindAttributeLocation request.

[04:20:28] [Render thread/INFO] (Minecraft) Info log when linking program containing VS minecraft:core/entity and FS minecraft:core/entity. Log output: WARNING: Could not find vertex shader attribute 'UV1' to match BindAttributeLocation request.
WARNING: Could not find vertex shader attribute 'Normal' to match BindAttributeLocation request.

[04:20:28] [Render thread/INFO] (Minecraft) Info log when linking program containing VS minecraft:core/animate_sprite and FS minecraft:core/animate_sprite_blit. Log output: WARNING: Output of vertex shader 'fAnimationProgress' not read by fragment shader

[04:20:28] [Render thread/INFO] (Minecraft) Info log when linking program containing VS minecraft:core/rendertype_beacon_beam and FS minecraft:core/rendertype_beacon_beam. Log output: WARNING: Could not find vertex shader attribute 'UV2' to match BindAttributeLocation request.

[04:20:28] [Render thread/INFO] (Minecraft) Info log when linking program containing VS minecraft:core/entity and FS minecraft:core/entity. Log output: WARNING: Could not find vertex shader attribute 'UV1' to match BindAttributeLocation request.

[04:20:28] [Render thread/INFO] (Minecraft) Info log when linking program containing VS minecraft:core/entity and FS minecraft:core/entity. Log output: WARNING: Could not find vertex shader attribute 'UV1' to match BindAttributeLocation request.
WARNING: Could not find vertex shader attribute 'Normal' to match BindAttributeLocation request.
WARNING: Could not find vertex shader attribute 'UV2' to match BindAttributeLocation request.

[04:20:28] [Render thread/INFO] (Minecraft) Info log when linking program containing VS minecraft:core/rendertype_entity_shadow and FS minecraft:core/rendertype_entity_shadow. Log output: WARNING: Could not find vertex shader attribute 'UV1' to match BindAttributeLocation request.
WARNING: Could not find vertex shader attribute 'Normal' to match BindAttributeLocation request.
WARNING: Could not find vertex shader attribute 'UV2' to match BindAttributeLocation request.

[04:20:28] [Render thread/INFO] (Minecraft) OpenAL initialized on device Built-in Output
[04:20:28] [Render thread/INFO] (Minecraft) Sound engine started
[04:20:28] [Render thread/INFO] (Minecraft) Created: 512x256x0 minecraft:textures/atlas/particles.png-atlas
[04:20:28] [Render thread/INFO] (Minecraft) Created: 128x128x0 minecraft:textures/atlas/decorated_pot.png-atlas
[04:20:28] [Render thread/INFO] (Minecraft) Created: 2048x1024x0 minecraft:textures/atlas/armor_trims.png-atlas
[04:20:28] [Render thread/INFO] (Minecraft) Created: 512x256x0 minecraft:textures/atlas/paintings.png-atlas
[04:20:28] [Render thread/INFO] (Minecraft) Created: 1024x512x0 minecraft:textures/atlas/shield_patterns.png-atlas
[04:20:28] [Render thread/INFO] (Minecraft) Created: 8192x4096x4 minecraft:textures/atlas/blocks.png-atlas
[04:20:29] [Render thread/INFO] (Minecraft) Created: 512x512x0 minecraft:textures/atlas/chest.png-atlas
[04:20:29] [Render thread/INFO] (Minecraft) Created: 256x128x0 minecraft:textures/atlas/celestials.png-atlas
[04:20:29] [Render thread/INFO] (Minecraft) Created: 1024x512x0 minecraft:textures/atlas/banner_patterns.png-atlas
[04:20:29] [Render thread/INFO] (Minecraft) Created: 4096x4096x0 minecraft:textures/atlas/items.png-atlas
[04:20:29] [Render thread/INFO] (Minecraft) Created: 1024x1024x0 minecraft:textures/atlas/gui.png-atlas
[04:20:29] [Render thread/INFO] (Minecraft) Created: 128x64x0 minecraft:textures/atlas/map_decorations.png-atlas
[04:20:29] [Render thread/INFO] (Minecraft) Created: 512x512x0 minecraft:textures/atlas/shulker_boxes.png-atlas
[04:20:30] [Download-2/INFO] (Minecraft) Could not authorize you against Realms server: java.lang.RuntimeException: Failed to parse into SignedJWT: FabricMC
[04:20:30] [Download-2/ERROR] (Minecraft) Couldn't connect to realms
com.mojang.realmsclient.exception.RealmsServiceException: Realms authentication error with message 'java.lang.RuntimeException: Failed to parse into SignedJWT: FabricMC'
	at knot//com.mojang.realmsclient.client.RealmsClient.execute(RealmsClient.java:528)
	at knot//com.mojang.realmsclient.client.RealmsClient.clientCompatible(RealmsClient.java:308)
	at knot//com.mojang.realmsclient.RealmsAvailability.lambda$check$0(RealmsAvailability.java:48)
	at java.base/java.util.concurrent.CompletableFuture$AsyncSupply.run(CompletableFuture.java:1789)
	at java.base/java.util.concurrent.ThreadPoolExecutor.runWorker(ThreadPoolExecutor.java:1090)
	at java.base/java.util.concurrent.ThreadPoolExecutor$Worker.run(ThreadPoolExecutor.java:614)
	at java.base/java.lang.Thread.run(Thread.java:1516)
[04:20:39] [Render thread/INFO] (Minecraft) Loaded 1585 recipes
[04:20:39] [Render thread/INFO] (Minecraft) Loaded 1688 advancements
[04:20:39] [Render thread/INFO] (BiomeModificationImpl) Applied 0 biome modifications to 0 of 66 new biomes in 2.022 ms
[04:20:39] [Server thread/INFO] (Minecraft) Starting integrated minecraft server version 26.2
[04:20:39] [Server thread/INFO] (Minecraft) Generating keypair
[04:20:40] [Server thread/INFO] (Minecraft) Loading 0 persistent chunks...
[04:20:40] [Server thread/INFO] (Minecraft) Saving chunks for level 'ServerLevel[New World]'/minecraft:overworld
[04:20:40] [Server thread/INFO] (Minecraft) Saving chunks for level 'ServerLevel[New World]'/minecraft:the_end
[04:20:40] [Server thread/INFO] (Minecraft) Saving chunks for level 'ServerLevel[New World]'/minecraft:the_nether
[04:20:40] [Server thread/INFO] (Minecraft) ThreadedAnvilChunkStorage (world): All chunks are saved
[04:20:40] [Server thread/INFO] (Minecraft) ThreadedAnvilChunkStorage (DIM1): All chunks are saved
[04:20:40] [Server thread/INFO] (Minecraft) ThreadedAnvilChunkStorage (DIM-1): All chunks are saved
[04:20:40] [Server thread/INFO] (Minecraft) ThreadedAnvilChunkStorage: All dimensions are saved
[04:20:40] [Server thread/INFO] (Minecraft) Loading 49 chunks for player spawn...
[04:20:40] [Server thread/INFO] (Minecraft) Preparing spawn area: 16%
[04:20:40] [Server thread/INFO] (Minecraft) Preparing spawn area: 16%
[04:20:41] [Server thread/INFO] (Minecraft) Preparing spawn area: 32%
[04:20:41] [Server thread/INFO] (Minecraft) Time elapsed: 1164 ms
[04:20:41] [Server thread/INFO] (Minecraft) Player138[local:E:b9c50f97] logged in with entity id 32 at (10.517143684578468, -58.623618488323174, -9.809483762996331)
[04:20:41] [Server thread/INFO] (Minecraft) Player138 joined the game
[04:20:41] [Server thread/INFO] (Minecraft) Changing view distance to 16, from 10
[04:20:41] [Server thread/INFO] (Minecraft) Changing simulation distance to 12, from 0
[04:20:41] [Download-2/ERROR] (Minecraft) Failed to retrieve profile key pair
MinecraftClientHttpException[type=HTTP_ERROR, status=401, response=ErrorResponse[path=/player/certificates, error=null, errorMessage=null, details=null]]
	at knot//com.mojang.authlib.minecraft.client.MinecraftClient.buildHttpException(MinecraftClient.java:170)
	at knot//com.mojang.authlib.minecraft.client.MinecraftClient.readServiceResponse(MinecraftClient.java:147)
	at knot//com.mojang.authlib.minecraft.client.MinecraftClient.post(MinecraftClient.java:89)
	at knot//com.mojang.authlib.yggdrasil.YggdrasilUserApiService.getKeyPair(YggdrasilUserApiService.java:62)
	at knot//net.minecraft.client.multiplayer.AccountProfileKeyPairManager.fetchProfileKeyPair(AccountProfileKeyPairManager.java:128)
	at knot//net.minecraft.client.multiplayer.AccountProfileKeyPairManager.lambda$readOrFetchProfileKeyPair$0(AccountProfileKeyPairManager.java:77)
	at java.base/java.util.concurrent.CompletableFuture$AsyncSupply.run(CompletableFuture.java:1789)
	at java.base/java.util.concurrent.ThreadPoolExecutor.runWorker(ThreadPoolExecutor.java:1090)
	at java.base/java.util.concurrent.ThreadPoolExecutor$Worker.run(ThreadPoolExecutor.java:614)
	at java.base/java.lang.Thread.run(Thread.java:1516)
[04:20:41] [Render thread/INFO] (Minecraft) Resizing Dynamic Transforms UBO, capacity limit of 2 reached during a single frame. New capacity will be 4.
[04:20:41] [Render thread/INFO] (Minecraft) Loaded 2 advancements
[04:20:41] [Render thread/INFO] (Minecraft) Resizing Dynamic Transforms UBO, capacity limit of 4 reached during a single frame. New capacity will be 8.
[04:20:42] [Render thread/INFO] (Minecraft) Resizing Dynamic Transforms UBO, capacity limit of 8 reached during a single frame. New capacity will be 16.
[04:20:43] [Render thread/INFO] (Minecraft) Resizing Chunk Sections UBO, capacity limit of 2 reached during a single frame. New capacity will be 8.
[04:20:43] [Render thread/INFO] (Minecraft) Resizing Chunk Sections UBO, capacity limit of 8 reached during a single frame. New capacity will be 16.
[04:20:43] [Render thread/INFO] (Minecraft) Resizing Chunk Sections UBO, capacity limit of 16 reached during a single frame. New capacity will be 32.
[04:20:43] [Render thread/INFO] (Minecraft) Resizing Chunk Sections UBO, capacity limit of 32 reached during a single frame. New capacity will be 64.
[04:20:44] [Render thread/INFO] (Minecraft) Resizing Chunk Sections UBO, capacity limit of 64 reached during a single frame. New capacity will be 128.
[04:20:46] [Render thread/INFO] (Minecraft) Resizing Chunk Sections UBO, capacity limit of 128 reached during a single frame. New capacity will be 256.
[04:20:49] [Render thread/INFO] (Minecraft) Resizing Chunk Sections UBO, capacity limit of 256 reached during a single frame. New capacity will be 512.
[04:21:26] [Render thread/INFO] (Minecraft) Loaded 3 advancements
[04:23:15] [Server thread/INFO] (Minecraft) Saving and pausing game...
[04:23:15] [Server thread/INFO] (Minecraft) Saving chunks for level 'ServerLevel[New World]'/minecraft:overworld
[04:23:15] [Server thread/INFO] (Minecraft) Saving chunks for level 'ServerLevel[New World]'/minecraft:the_end
[04:23:15] [Server thread/INFO] (Minecraft) Saving chunks for level 'ServerLevel[New World]'/minecraft:the_nether
[04:55:30] [Server thread/INFO] (Minecraft) Saving and pausing game...
[04:55:30] [Server thread/INFO] (Minecraft) Saving chunks for level 'ServerLevel[New World]'/minecraft:overworld
[04:55:30] [Server thread/INFO] (Minecraft) Saving chunks for level 'ServerLevel[New World]'/minecraft:the_end
[04:55:30] [Server thread/INFO] (Minecraft) Saving chunks for level 'ServerLevel[New World]'/minecraft:the_nether
[04:55:52] [Server thread/INFO] (Minecraft) Saving and pausing game...
[04:55:52] [Server thread/INFO] (Minecraft) Saving chunks for level 'ServerLevel[New World]'/minecraft:overworld
[04:55:52] [Server thread/INFO] (Minecraft) Saving chunks for level 'ServerLevel[New World]'/minecraft:the_end
[04:55:52] [Server thread/INFO] (Minecraft) Saving chunks for level 'ServerLevel[New World]'/minecraft:the_nether
